<?xml version="1.0" encoding="UTF-8"?>
<!-- Generated by org.testng.reporters.JUnitXMLReporter -->
<testsuite ignored="0" hostname="SL2037" failures="0" tests="3" name="Default test" time="14.916" errors="0" timestamp="2021-09-29T14:20:47 CDT">
  <testcase classname="Maven.MathCon01.SupportLink" name="test01" time="11.981"/>
  <testcase classname="Maven.MathCon01.SupportLink" name="test02" time="2.012"/>
  <testcase classname="Maven.MathCon01.SupportLink" name="test03" time="0.864"/>
</testsuite> <!-- Default test -->
