<?xml version="1.0" encoding="UTF-8"?>
<testng-results ignored="0" total="3" passed="3" failed="0" skipped="0">
  <reporter-output>
  </reporter-output>
  <suite started-at="2021-09-29T14:20:32 CDT" name="Default suite" finished-at="2021-09-29T14:20:47 CDT" duration-ms="14916">
    <groups>
    </groups>
    <test started-at="2021-09-29T14:20:32 CDT" name="Default test" finished-at="2021-09-29T14:20:47 CDT" duration-ms="14916">
      <class name="Maven.MathCon01.SupportLink">
        <test-method signature="test01()[pri:0, instance:Maven.MathCon01.SupportLink@654f0d9c]" started-at="2021-09-29T14:20:32 CDT" name="test01" finished-at="2021-09-29T14:20:44 CDT" duration-ms="11981" status="PASS">
          <reporter-output>
          </reporter-output>
        </test-method> <!-- test01 -->
        <test-method signature="test02(java.lang.String,java.lang.String)[pri:0, instance:Maven.MathCon01.SupportLink@654f0d9c]" started-at="2021-09-29T14:20:44 CDT" name="test02" data-provider="data" finished-at="2021-09-29T14:20:46 CDT" duration-ms="2012" status="PASS">
          <params>
            <param index="0">
              <value>
                <![CDATA[aa4009]]>
              </value>
            </param>
            <param index="1">
              <value>
                <![CDATA[crgqvb]]>
              </value>
            </param>
          </params>
          <reporter-output>
          </reporter-output>
        </test-method> <!-- test02 -->
        <test-method signature="test03()[pri:0, instance:Maven.MathCon01.SupportLink@654f0d9c]" started-at="2021-09-29T14:20:46 CDT" name="test03" finished-at="2021-09-29T14:20:47 CDT" duration-ms="864" status="PASS">
          <reporter-output>
          </reporter-output>
        </test-method> <!-- test03 -->
      </class> <!-- Maven.MathCon01.SupportLink -->
    </test> <!-- Default test -->
  </suite> <!-- Default suite -->
</testng-results>
